Using pre-set license
Built from '2020.3/staging' branch; Version is '2020.3.0f1 (c7b5465681fb) revision 13088070'; Using compiler version '192528614'; Build Type 'Release'
OS: 'Windows 10 Home; OS build 22000.856; Version 2009; 64bit' Language: 'sv' Physical Memory: 16150 MB
BatchMode: 1, IsHumanControllingUs: 0, StartBugReporterOnCrash: 0, Is64bit: 1, IsPro: 0

 COMMAND LINE ARGUMENTS:
C:\Program Files\Unity\Hub\Editor\2020.3.0f1\Editor\Unity.exe
-adb2
-batchMode
-noUpm
-name
AssetImportWorker0
-projectPath
C:/Users/sofie/Unity Personal/Water Shader
-logFile
Logs/AssetImportWorker0.log
-srvPort
56269
Successfully changed project path to: C:/Users/sofie/Unity Personal/Water Shader
C:/Users/sofie/Unity Personal/Water Shader
Using Asset Import Pipeline V2.
Refreshing native plugins compatible for Editor in 34.80 ms, found 0 plugins.
Preloading 0 native plugins for Editor in 0.00 ms.
Initialize engine version: 2020.3.0f1 (c7b5465681fb)
[Subsystems] Discovering subsystems at path C:/Program Files/Unity/Hub/Editor/2020.3.0f1/Editor/Data/Resources/UnitySubsystems
[Subsystems] Discovering subsystems at path C:/Users/sofie/Unity Personal/Water Shader/Assets
GfxDevice: creating device client; threaded=0
Direct3D:
    Version:  Direct3D 11.0 [level 11.1]
    Renderer: NVIDIA GeForce RTX 3060 (ID=0x2504)
    Vendor:   
    VRAM:     12142 MB
    Driver:   30.0.15.1295
Initialize mono
Mono path[0] = 'C:/Program Files/Unity/Hub/Editor/2020.3.0f1/Editor/Data/Managed'
Mono path[1] = 'C:/Program Files/Unity/Hub/Editor/2020.3.0f1/Editor/Data/MonoBleedingEdge/lib/mono/unityjit'
Mono config path = 'C:/Program Files/Unity/Hub/Editor/2020.3.0f1/Editor/Data/MonoBleedingEdge/etc'
Using monoOptions --debugger-agent=transport=dt_socket,embedding=1,server=y,suspend=n,address=127.0.0.1:56524
Begin MonoManager ReloadAssembly
Registering precompiled unity dll's ...
Register platform support module: C:/Program Files/Unity/Hub/Editor/2020.3.0f1/Editor/Data/PlaybackEngines/WindowsStandaloneSupport/UnityEditor.WindowsStandalone.Extensions.dll
Registered in 0.001603 seconds.
Native extension for WindowsStandalone target not found
Refreshing native plugins compatible for Editor in 82.88 ms, found 0 plugins.
Preloading 0 native plugins for Editor in 0.00 ms.
Invoked RoslynAnalysisRunner static constructor.
RoslynAnalysisRunner will not be running.
RoslynAnalysisRunner has terminated.
Mono: successfully reloaded assembly
- Completed reload, in  1.237 seconds
Platform modules already initialized, skipping
Registering precompiled user dll's ...
Registered in 0.002619 seconds.
Begin MonoManager ReloadAssembly
Native extension for WindowsStandalone target not found
Refreshing native plugins compatible for Editor in 96.50 ms, found 0 plugins.
Preloading 0 native plugins for Editor in 0.00 ms.
Invoked RoslynAnalysisRunner static constructor.
RoslynAnalysisRunner will not be running.
RoslynAnalysisRunner has terminated.
Mono: successfully reloaded assembly
- Completed reload, in  1.164 seconds
Platform modules already initialized, skipping
========================================================================
Worker process is ready to serve import requests
Shader 'Universal Render Pipeline/Particles/Lit': fallback shader 'Universal Render Pipeline/Particles/SimpleLit' not found
Shader 'Universal Render Pipeline/Particles/Lit': fallback shader 'Universal Render Pipeline/Particles/SimpleLit' not found
Launched and connected shader compiler UnityShaderCompiler.exe after 0.05 seconds
Refreshing native plugins compatible for Editor in 0.51 ms, found 0 plugins.
Preloading 0 native plugins for Editor in 0.00 ms.
Unloading 2421 Unused Serialized files (Serialized files now loaded: 0)
System memory in use before: 118.9 MB.
System memory in use after: 116.8 MB.

Unloading 40 unused Assets to reduce memory usage. Loaded Objects now: 2849.
Total: 4.356100 ms (FindLiveObjects: 0.809600 ms CreateObjectMapping: 0.197300 ms MarkObjects: 2.248900 ms  DeleteObjects: 1.098700 ms)

========================================================================
Received Import Request.
  path: Assets/Scripts/LevelGenerator.cs
  artifactKey: Guid(390450615edac2a419f5cbf4b7c1997a) Importer(815301076,1909f56bfc062723c751e8b465ee728b)
Start importing Assets/Scripts/LevelGenerator.cs using Guid(390450615edac2a419f5cbf4b7c1997a) Importer(815301076,1909f56bfc062723c751e8b465ee728b)  -> (artifact id: '2067094e7c2ff1146e90872f5132538d') in 0.030359 seconds
  Import took 0.035198 seconds .

========================================================================
Received Import Request.
  Time since last request: 330.472412 seconds.
  path: Assets/Scripts/LevelGenerator.cs
  artifactKey: Guid(390450615edac2a419f5cbf4b7c1997a) Importer(815301076,1909f56bfc062723c751e8b465ee728b)
Start importing Assets/Scripts/LevelGenerator.cs using Guid(390450615edac2a419f5cbf4b7c1997a) Importer(815301076,1909f56bfc062723c751e8b465ee728b)  -> (artifact id: '8df1c1369fbc8cb86d4de8e281208b71') in 0.006304 seconds
  Import took 0.010641 seconds .

========================================================================
Received Prepare
Registering precompiled user dll's ...
Registered in 0.001209 seconds.
Begin MonoManager ReloadAssembly
Native extension for WindowsStandalone target not found
Refreshing native plugins compatible for Editor in 0.40 ms, found 0 plugins.
Preloading 0 native plugins for Editor in 0.00 ms.
Invoked RoslynAnalysisRunner static constructor.
RoslynAnalysisRunner will not be running.
RoslynAnalysisRunner has terminated.
Mono: successfully reloaded assembly
- Completed reload, in  0.758 seconds
Platform modules already initialized, skipping
Shader 'Universal Render Pipeline/Particles/Lit': fallback shader 'Universal Render Pipeline/Particles/SimpleLit' not found
Shader 'Universal Render Pipeline/Particles/Lit': fallback shader 'Universal Render Pipeline/Particles/SimpleLit' not found
Refreshing native plugins compatible for Editor in 0.33 ms, found 0 plugins.
Preloading 0 native plugins for Editor in 0.00 ms.
Unloading 2339 Unused Serialized files (Serialized files now loaded: 0)
System memory in use before: 115.2 MB.
System memory in use after: 113.2 MB.

Unloading 35 unused Assets to reduce memory usage. Loaded Objects now: 2852.
Total: 3.686100 ms (FindLiveObjects: 0.298800 ms CreateObjectMapping: 0.092200 ms MarkObjects: 1.839200 ms  DeleteObjects: 1.454500 ms)

========================================================================
Received Prepare
Registering precompiled user dll's ...
Registered in 0.001647 seconds.
Begin MonoManager ReloadAssembly
Native extension for WindowsStandalone target not found
Refreshing native plugins compatible for Editor in 0.34 ms, found 0 plugins.
Preloading 0 native plugins for Editor in 0.00 ms.
Invoked RoslynAnalysisRunner static constructor.
RoslynAnalysisRunner will not be running.
RoslynAnalysisRunner has terminated.
Mono: successfully reloaded assembly
- Completed reload, in  0.634 seconds
Platform modules already initialized, skipping
Shader 'Universal Render Pipeline/Particles/Lit': fallback shader 'Universal Render Pipeline/Particles/SimpleLit' not found
Shader 'Universal Render Pipeline/Particles/Lit': fallback shader 'Universal Render Pipeline/Particles/SimpleLit' not found
Refreshing native plugins compatible for Editor in 0.33 ms, found 0 plugins.
Preloading 0 native plugins for Editor in 0.00 ms.
Unloading 2339 Unused Serialized files (Serialized files now loaded: 0)
System memory in use before: 115.2 MB.
System memory in use after: 113.2 MB.

Unloading 35 unused Assets to reduce memory usage. Loaded Objects now: 2855.
Total: 2.483200 ms (FindLiveObjects: 0.276500 ms CreateObjectMapping: 0.083500 ms MarkObjects: 1.233400 ms  DeleteObjects: 0.888900 ms)

========================================================================
Received Import Request.
  Time since last request: 17.560089 seconds.
  path: Assets/Scripts/LevelGenerator.cs
  artifactKey: Guid(390450615edac2a419f5cbf4b7c1997a) Importer(815301076,1909f56bfc062723c751e8b465ee728b)
Start importing Assets/Scripts/LevelGenerator.cs using Guid(390450615edac2a419f5cbf4b7c1997a) Importer(815301076,1909f56bfc062723c751e8b465ee728b)  -> (artifact id: '61c88f5ce93e00af0d4895eefbc7be08') in 0.004578 seconds
  Import took 0.007558 seconds .

========================================================================
Received Prepare
Registering precompiled user dll's ...
Registered in 0.001251 seconds.
Begin MonoManager ReloadAssembly
Native extension for WindowsStandalone target not found
Refreshing native plugins compatible for Editor in 0.60 ms, found 0 plugins.
Preloading 0 native plugins for Editor in 0.00 ms.
Invoked RoslynAnalysisRunner static constructor.
RoslynAnalysisRunner will not be running.
RoslynAnalysisRunner has terminated.
Mono: successfully reloaded assembly
- Completed reload, in  0.641 seconds
Platform modules already initialized, skipping
Shader 'Universal Render Pipeline/Particles/Lit': fallback shader 'Universal Render Pipeline/Particles/SimpleLit' not found
Shader 'Universal Render Pipeline/Particles/Lit': fallback shader 'Universal Render Pipeline/Particles/SimpleLit' not found
Refreshing native plugins compatible for Editor in 0.33 ms, found 0 plugins.
Preloading 0 native plugins for Editor in 0.00 ms.
Unloading 2339 Unused Serialized files (Serialized files now loaded: 0)
System memory in use before: 115.2 MB.
System memory in use after: 113.2 MB.

Unloading 35 unused Assets to reduce memory usage. Loaded Objects now: 2858.
Total: 2.900700 ms (FindLiveObjects: 0.485300 ms CreateObjectMapping: 0.092400 ms MarkObjects: 1.257500 ms  DeleteObjects: 1.064000 ms)

========================================================================
Received Prepare
Registering precompiled user dll's ...
Registered in 0.001442 seconds.
Begin MonoManager ReloadAssembly
Native extension for WindowsStandalone target not found
Refreshing native plugins compatible for Editor in 0.31 ms, found 0 plugins.
Preloading 0 native plugins for Editor in 0.00 ms.
Invoked RoslynAnalysisRunner static constructor.
RoslynAnalysisRunner will not be running.
RoslynAnalysisRunner has terminated.
Mono: successfully reloaded assembly
- Completed reload, in  0.739 seconds
Platform modules already initialized, skipping
Shader 'Universal Render Pipeline/Particles/Lit': fallback shader 'Universal Render Pipeline/Particles/SimpleLit' not found
Shader 'Universal Render Pipeline/Particles/Lit': fallback shader 'Universal Render Pipeline/Particles/SimpleLit' not found
Refreshing native plugins compatible for Editor in 0.32 ms, found 0 plugins.
Preloading 0 native plugins for Editor in 0.00 ms.
Unloading 2339 Unused Serialized files (Serialized files now loaded: 0)
System memory in use before: 115.2 MB.
System memory in use after: 113.2 MB.

Unloading 35 unused Assets to reduce memory usage. Loaded Objects now: 2861.
Total: 2.992900 ms (FindLiveObjects: 0.269100 ms CreateObjectMapping: 0.136000 ms MarkObjects: 1.427800 ms  DeleteObjects: 1.158500 ms)

========================================================================
Received Prepare
Registering precompiled user dll's ...
Registered in 0.001186 seconds.
Begin MonoManager ReloadAssembly
Native extension for WindowsStandalone target not found
Refreshing native plugins compatible for Editor in 0.35 ms, found 0 plugins.
Preloading 0 native plugins for Editor in 0.00 ms.
Invoked RoslynAnalysisRunner static constructor.
RoslynAnalysisRunner will not be running.
RoslynAnalysisRunner has terminated.
Mono: successfully reloaded assembly
- Completed reload, in  0.643 seconds
Platform modules already initialized, skipping
Shader 'Universal Render Pipeline/Particles/Lit': fallback shader 'Universal Render Pipeline/Particles/SimpleLit' not found
Shader 'Universal Render Pipeline/Particles/Lit': fallback shader 'Universal Render Pipeline/Particles/SimpleLit' not found
Refreshing native plugins compatible for Editor in 0.35 ms, found 0 plugins.
Preloading 0 native plugins for Editor in 0.00 ms.
Unloading 2339 Unused Serialized files (Serialized files now loaded: 0)
System memory in use before: 115.2 MB.
System memory in use after: 113.2 MB.

Unloading 35 unused Assets to reduce memory usage. Loaded Objects now: 2864.
Total: 3.074200 ms (FindLiveObjects: 0.325900 ms CreateObjectMapping: 0.179700 ms MarkObjects: 1.495600 ms  DeleteObjects: 1.070100 ms)

========================================================================
Received Import Request.
  Time since last request: 632.256637 seconds.
  path: Assets/Prefabs/Level Parts/StartLevel.prefab
  artifactKey: Guid(db368e559015cef4a8221d593c426a89) Importer(815301076,1909f56bfc062723c751e8b465ee728b)
Start importing Assets/Prefabs/Level Parts/StartLevel.prefab using Guid(db368e559015cef4a8221d593c426a89) Importer(815301076,1909f56bfc062723c751e8b465ee728b)  -> (artifact id: '9630c871bc8d60aab78d581e2c24ee2a') in 0.177924 seconds
  Import took 0.181844 seconds .

========================================================================
Received Prepare
Registering precompiled user dll's ...
Registered in 0.001113 seconds.
Begin MonoManager ReloadAssembly
Native extension for WindowsStandalone target not found
Refreshing native plugins compatible for Editor in 0.31 ms, found 0 plugins.
Preloading 0 native plugins for Editor in 0.00 ms.
Invoked RoslynAnalysisRunner static constructor.
RoslynAnalysisRunner will not be running.
RoslynAnalysisRunner has terminated.
Mono: successfully reloaded assembly
- Completed reload, in  0.657 seconds
Platform modules already initialized, skipping
Shader 'Universal Render Pipeline/Particles/Lit': fallback shader 'Universal Render Pipeline/Particles/SimpleLit' not found
Shader 'Universal Render Pipeline/Particles/Lit': fallback shader 'Universal Render Pipeline/Particles/SimpleLit' not found
Refreshing native plugins compatible for Editor in 0.29 ms, found 0 plugins.
Preloading 0 native plugins for Editor in 0.00 ms.
Unloading 2339 Unused Serialized files (Serialized files now loaded: 0)
System memory in use before: 120.5 MB.
System memory in use after: 118.5 MB.

Unloading 35 unused Assets to reduce memory usage. Loaded Objects now: 2914.
Total: 2.655900 ms (FindLiveObjects: 0.230800 ms CreateObjectMapping: 0.111100 ms MarkObjects: 1.421600 ms  DeleteObjects: 0.891400 ms)

========================================================================
Received Prepare
Registering precompiled user dll's ...
Registered in 0.001156 seconds.
Begin MonoManager ReloadAssembly
Native extension for WindowsStandalone target not found
Refreshing native plugins compatible for Editor in 0.29 ms, found 0 plugins.
Preloading 0 native plugins for Editor in 0.00 ms.
Invoked RoslynAnalysisRunner static constructor.
RoslynAnalysisRunner will not be running.
RoslynAnalysisRunner has terminated.
Mono: successfully reloaded assembly
- Completed reload, in  0.724 seconds
Platform modules already initialized, skipping
Shader 'Universal Render Pipeline/Particles/Lit': fallback shader 'Universal Render Pipeline/Particles/SimpleLit' not found
Shader 'Universal Render Pipeline/Particles/Lit': fallback shader 'Universal Render Pipeline/Particles/SimpleLit' not found
Refreshing native plugins compatible for Editor in 0.31 ms, found 0 plugins.
Preloading 0 native plugins for Editor in 0.00 ms.
Unloading 2339 Unused Serialized files (Serialized files now loaded: 0)
System memory in use before: 120.5 MB.
System memory in use after: 118.5 MB.

Unloading 35 unused Assets to reduce memory usage. Loaded Objects now: 2917.
Total: 3.567600 ms (FindLiveObjects: 0.718300 ms CreateObjectMapping: 0.252400 ms MarkObjects: 1.425700 ms  DeleteObjects: 1.166900 ms)

========================================================================
Received Prepare
Registering precompiled user dll's ...
Registered in 0.001241 seconds.
Begin MonoManager ReloadAssembly
Native extension for WindowsStandalone target not found
Refreshing native plugins compatible for Editor in 0.29 ms, found 0 plugins.
Preloading 0 native plugins for Editor in 0.00 ms.
Invoked RoslynAnalysisRunner static constructor.
RoslynAnalysisRunner will not be running.
RoslynAnalysisRunner has terminated.
Mono: successfully reloaded assembly
- Completed reload, in  0.694 seconds
Platform modules already initialized, skipping
Shader 'Universal Render Pipeline/Particles/Lit': fallback shader 'Universal Render Pipeline/Particles/SimpleLit' not found
Shader 'Universal Render Pipeline/Particles/Lit': fallback shader 'Universal Render Pipeline/Particles/SimpleLit' not found
Refreshing native plugins compatible for Editor in 0.36 ms, found 0 plugins.
Preloading 0 native plugins for Editor in 0.00 ms.
Unloading 2339 Unused Serialized files (Serialized files now loaded: 0)
System memory in use before: 120.5 MB.
System memory in use after: 118.5 MB.

Unloading 35 unused Assets to reduce memory usage. Loaded Objects now: 2920.
Total: 2.814800 ms (FindLiveObjects: 0.328200 ms CreateObjectMapping: 0.091200 ms MarkObjects: 1.387500 ms  DeleteObjects: 1.006900 ms)

========================================================================
Received Prepare
Registering precompiled user dll's ...
Registered in 0.001739 seconds.
Begin MonoManager ReloadAssembly
Native extension for WindowsStandalone target not found
Refreshing native plugins compatible for Editor in 0.32 ms, found 0 plugins.
Preloading 0 native plugins for Editor in 0.00 ms.
Invoked RoslynAnalysisRunner static constructor.
RoslynAnalysisRunner will not be running.
RoslynAnalysisRunner has terminated.
Mono: successfully reloaded assembly
- Completed reload, in  0.682 seconds
Platform modules already initialized, skipping
Shader 'Universal Render Pipeline/Particles/Lit': fallback shader 'Universal Render Pipeline/Particles/SimpleLit' not found
Shader 'Universal Render Pipeline/Particles/Lit': fallback shader 'Universal Render Pipeline/Particles/SimpleLit' not found
Refreshing native plugins compatible for Editor in 0.33 ms, found 0 plugins.
Preloading 0 native plugins for Editor in 0.00 ms.
Unloading 2339 Unused Serialized files (Serialized files now loaded: 0)
System memory in use before: 120.5 MB.
System memory in use after: 118.5 MB.

Unloading 35 unused Assets to reduce memory usage. Loaded Objects now: 2923.
Total: 4.275100 ms (FindLiveObjects: 0.383200 ms CreateObjectMapping: 0.134300 ms MarkObjects: 2.018200 ms  DeleteObjects: 1.738300 ms)

========================================================================
Received Prepare
Registering precompiled user dll's ...
Registered in 0.001161 seconds.
Begin MonoManager ReloadAssembly
Native extension for WindowsStandalone target not found
Refreshing native plugins compatible for Editor in 0.30 ms, found 0 plugins.
Preloading 0 native plugins for Editor in 0.00 ms.
Invoked RoslynAnalysisRunner static constructor.
RoslynAnalysisRunner will not be running.
RoslynAnalysisRunner has terminated.
Mono: successfully reloaded assembly
- Completed reload, in  0.638 seconds
Platform modules already initialized, skipping
Shader 'Universal Render Pipeline/Particles/Lit': fallback shader 'Universal Render Pipeline/Particles/SimpleLit' not found
Shader 'Universal Render Pipeline/Particles/Lit': fallback shader 'Universal Render Pipeline/Particles/SimpleLit' not found
Refreshing native plugins compatible for Editor in 0.32 ms, found 0 plugins.
Preloading 0 native plugins for Editor in 0.00 ms.
Unloading 2339 Unused Serialized files (Serialized files now loaded: 0)
System memory in use before: 120.4 MB.
System memory in use after: 118.4 MB.

Unloading 35 unused Assets to reduce memory usage. Loaded Objects now: 2926.
Total: 2.886800 ms (FindLiveObjects: 0.294800 ms CreateObjectMapping: 0.220200 ms MarkObjects: 1.378900 ms  DeleteObjects: 0.991900 ms)

========================================================================
Received Prepare
Registering precompiled user dll's ...
Registered in 0.001176 seconds.
Begin MonoManager ReloadAssembly
Native extension for WindowsStandalone target not found
Refreshing native plugins compatible for Editor in 0.31 ms, found 0 plugins.
Preloading 0 native plugins for Editor in 0.00 ms.
Invoked RoslynAnalysisRunner static constructor.
RoslynAnalysisRunner will not be running.
RoslynAnalysisRunner has terminated.
Mono: successfully reloaded assembly
- Completed reload, in  0.645 seconds
Platform modules already initialized, skipping
Shader 'Universal Render Pipeline/Particles/Lit': fallback shader 'Universal Render Pipeline/Particles/SimpleLit' not found
Shader 'Universal Render Pipeline/Particles/Lit': fallback shader 'Universal Render Pipeline/Particles/SimpleLit' not found
Refreshing native plugins compatible for Editor in 0.30 ms, found 0 plugins.
Preloading 0 native plugins for Editor in 0.00 ms.
Unloading 2339 Unused Serialized files (Serialized files now loaded: 0)
System memory in use before: 120.6 MB.
System memory in use after: 118.5 MB.

Unloading 35 unused Assets to reduce memory usage. Loaded Objects now: 2929.
Total: 3.233600 ms (FindLiveObjects: 0.476200 ms CreateObjectMapping: 0.183400 ms MarkObjects: 1.433800 ms  DeleteObjects: 1.136900 ms)

========================================================================
Received Import Request.
  Time since last request: 1498.154249 seconds.
  path: Assets/Scripts/LevelGenerator.cs
  artifactKey: Guid(390450615edac2a419f5cbf4b7c1997a) Importer(815301076,1909f56bfc062723c751e8b465ee728b)
Start importing Assets/Scripts/LevelGenerator.cs using Guid(390450615edac2a419f5cbf4b7c1997a) Importer(815301076,1909f56bfc062723c751e8b465ee728b)  -> (artifact id: 'd8f9d0282da0072991c9a769252ff6bd') in 0.012317 seconds
  Import took 0.016540 seconds .

========================================================================
Received Import Request.
  Time since last request: 21.808274 seconds.
  path: Assets/Scripts/LevelController.cs
  artifactKey: Guid(8ba5f10a710f8f748a7c063ca5fcf6ca) Importer(815301076,1909f56bfc062723c751e8b465ee728b)
Start importing Assets/Scripts/LevelController.cs using Guid(8ba5f10a710f8f748a7c063ca5fcf6ca) Importer(815301076,1909f56bfc062723c751e8b465ee728b)  -> (artifact id: '0ec8e5087a5e886d2b4e6339563a4d3c') in 0.005722 seconds
  Import took 0.009266 seconds .

========================================================================
Received Prepare
Registering precompiled user dll's ...
Registered in 0.001182 seconds.
Begin MonoManager ReloadAssembly
Native extension for WindowsStandalone target not found
Refreshing native plugins compatible for Editor in 0.29 ms, found 0 plugins.
Preloading 0 native plugins for Editor in 0.00 ms.
Invoked RoslynAnalysisRunner static constructor.
RoslynAnalysisRunner will not be running.
RoslynAnalysisRunner has terminated.
Mono: successfully reloaded assembly
- Completed reload, in  0.655 seconds
Platform modules already initialized, skipping
Shader 'Universal Render Pipeline/Particles/Lit': fallback shader 'Universal Render Pipeline/Particles/SimpleLit' not found
Shader 'Universal Render Pipeline/Particles/Lit': fallback shader 'Universal Render Pipeline/Particles/SimpleLit' not found
Refreshing native plugins compatible for Editor in 0.30 ms, found 0 plugins.
Preloading 0 native plugins for Editor in 0.00 ms.
Unloading 2340 Unused Serialized files (Serialized files now loaded: 0)
System memory in use before: 120.6 MB.
System memory in use after: 118.6 MB.

Unloading 35 unused Assets to reduce memory usage. Loaded Objects now: 2933.
Total: 2.614200 ms (FindLiveObjects: 0.209900 ms CreateObjectMapping: 0.060600 ms MarkObjects: 1.313400 ms  DeleteObjects: 1.029300 ms)

========================================================================
Received Import Request.
  Time since last request: 30.979062 seconds.
  path: Assets/Prefabs/Level Parts/Level_2.prefab
  artifactKey: Guid(c49127f23647a8a4db2a84b4b17edcb1) Importer(815301076,1909f56bfc062723c751e8b465ee728b)
Start importing Assets/Prefabs/Level Parts/Level_2.prefab using Guid(c49127f23647a8a4db2a84b4b17edcb1) Importer(815301076,1909f56bfc062723c751e8b465ee728b)  -> (artifact id: '7da47871aeef3791b93585d1e12177e7') in 0.142458 seconds
  Import took 0.146222 seconds .

========================================================================
Received Import Request.
  Time since last request: 5.216985 seconds.
  path: Assets/Prefabs/Level Parts/Level_1.prefab
  artifactKey: Guid(8bb6005d52fce4945aad45906181edef) Importer(815301076,1909f56bfc062723c751e8b465ee728b)
Start importing Assets/Prefabs/Level Parts/Level_1.prefab using Guid(8bb6005d52fce4945aad45906181edef) Importer(815301076,1909f56bfc062723c751e8b465ee728b)  -> (artifact id: 'fd0eb1e2c97773a2ead1614cdcc0720c') in 0.012089 seconds
  Import took 0.015772 seconds .

========================================================================
Received Import Request.
  Time since last request: 0.000395 seconds.
  path: Assets/Prefabs/Level Parts/Level_1.prefab
  artifactKey: Guid(8bb6005d52fce4945aad45906181edef) Importer(815301076,1909f56bfc062723c751e8b465ee728b)
Start importing Assets/Prefabs/Level Parts/Level_1.prefab using Guid(8bb6005d52fce4945aad45906181edef) Importer(815301076,1909f56bfc062723c751e8b465ee728b)  -> (artifact id: 'fd0eb1e2c97773a2ead1614cdcc0720c') in 0.007865 seconds
  Import took 0.011380 seconds .

========================================================================
Received Import Request.
  Time since last request: 6.494365 seconds.
  path: Assets/Prefabs/Level Parts/Level_0.prefab
  artifactKey: Guid(b0615af81deaa8d43936eb96c8e62817) Importer(815301076,1909f56bfc062723c751e8b465ee728b)
Start importing Assets/Prefabs/Level Parts/Level_0.prefab using Guid(b0615af81deaa8d43936eb96c8e62817) Importer(815301076,1909f56bfc062723c751e8b465ee728b)  -> (artifact id: '969d41a5a0c4f499f99ec33263457f69') in 0.013033 seconds
  Import took 0.016937 seconds .

========================================================================
Received Import Request.
  Time since last request: 0.000427 seconds.
  path: Assets/Prefabs/Level Parts/Level_0.prefab
  artifactKey: Guid(b0615af81deaa8d43936eb96c8e62817) Importer(815301076,1909f56bfc062723c751e8b465ee728b)
Start importing Assets/Prefabs/Level Parts/Level_0.prefab using Guid(b0615af81deaa8d43936eb96c8e62817) Importer(815301076,1909f56bfc062723c751e8b465ee728b)  -> (artifact id: '969d41a5a0c4f499f99ec33263457f69') in 0.011450 seconds
  Import took 0.015102 seconds .

========================================================================
Received Import Request.
  Time since last request: 14.990621 seconds.
  path: Assets/Prefabs/Level Parts/StartLevel.prefab
  artifactKey: Guid(db368e559015cef4a8221d593c426a89) Importer(815301076,1909f56bfc062723c751e8b465ee728b)
Start importing Assets/Prefabs/Level Parts/StartLevel.prefab using Guid(db368e559015cef4a8221d593c426a89) Importer(815301076,1909f56bfc062723c751e8b465ee728b)  -> (artifact id: '5b432067332334fb0ab877ff551a15bc') in 0.010511 seconds
  Import took 0.013721 seconds .

========================================================================
Received Prepare
Registering precompiled user dll's ...
Registered in 0.001296 seconds.
Begin MonoManager ReloadAssembly
Native extension for WindowsStandalone target not found
Refreshing native plugins compatible for Editor in 0.43 ms, found 0 plugins.
Preloading 0 native plugins for Editor in 0.00 ms.
Invoked RoslynAnalysisRunner static constructor.
RoslynAnalysisRunner will not be running.
RoslynAnalysisRunner has terminated.
Mono: successfully reloaded assembly
- Completed reload, in  0.660 seconds
Platform modules already initialized, skipping
Shader 'Universal Render Pipeline/Particles/Lit': fallback shader 'Universal Render Pipeline/Particles/SimpleLit' not found
Shader 'Universal Render Pipeline/Particles/Lit': fallback shader 'Universal Render Pipeline/Particles/SimpleLit' not found
Refreshing native plugins compatible for Editor in 0.50 ms, found 0 plugins.
Preloading 0 native plugins for Editor in 0.00 ms.
Unloading 2340 Unused Serialized files (Serialized files now loaded: 0)
System memory in use before: 120.8 MB.
System memory in use after: 118.8 MB.

Unloading 35 unused Assets to reduce memory usage. Loaded Objects now: 2974.
Total: 3.316000 ms (FindLiveObjects: 0.287100 ms CreateObjectMapping: 0.205700 ms MarkObjects: 1.586500 ms  DeleteObjects: 1.235000 ms)

========================================================================
Received Prepare
Registering precompiled user dll's ...
Registered in 0.001321 seconds.
Begin MonoManager ReloadAssembly
Native extension for WindowsStandalone target not found
Refreshing native plugins compatible for Editor in 0.30 ms, found 0 plugins.
Preloading 0 native plugins for Editor in 0.00 ms.
Invoked RoslynAnalysisRunner static constructor.
RoslynAnalysisRunner will not be running.
RoslynAnalysisRunner has terminated.
Mono: successfully reloaded assembly
- Completed reload, in  0.667 seconds
Platform modules already initialized, skipping
Shader 'Universal Render Pipeline/Particles/Lit': fallback shader 'Universal Render Pipeline/Particles/SimpleLit' not found
Shader 'Universal Render Pipeline/Particles/Lit': fallback shader 'Universal Render Pipeline/Particles/SimpleLit' not found
Refreshing native plugins compatible for Editor in 0.31 ms, found 0 plugins.
Preloading 0 native plugins for Editor in 0.00 ms.
Unloading 2340 Unused Serialized files (Serialized files now loaded: 0)
System memory in use before: 120.8 MB.
System memory in use after: 118.8 MB.

Unloading 35 unused Assets to reduce memory usage. Loaded Objects now: 2977.
Total: 3.434300 ms (FindLiveObjects: 0.266600 ms CreateObjectMapping: 0.152700 ms MarkObjects: 1.810000 ms  DeleteObjects: 1.203300 ms)

========================================================================
Received Import Request.
  Time since last request: 573.460481 seconds.
  path: Assets/Prefabs/Level Parts/Level_0.prefab
  artifactKey: Guid(b0615af81deaa8d43936eb96c8e62817) Importer(815301076,1909f56bfc062723c751e8b465ee728b)
Start importing Assets/Prefabs/Level Parts/Level_0.prefab using Guid(b0615af81deaa8d43936eb96c8e62817) Importer(815301076,1909f56bfc062723c751e8b465ee728b)  -> (artifact id: 'af97305119141a99430537ffba8994dd') in 0.122983 seconds
  Import took 0.126388 seconds .

========================================================================
Received Import Request.
  Time since last request: 0.000241 seconds.
  path: Assets/Prefabs/Level Parts/Level_1.prefab
  artifactKey: Guid(8bb6005d52fce4945aad45906181edef) Importer(815301076,1909f56bfc062723c751e8b465ee728b)
Start importing Assets/Prefabs/Level Parts/Level_1.prefab using Guid(8bb6005d52fce4945aad45906181edef) Importer(815301076,1909f56bfc062723c751e8b465ee728b)  -> (artifact id: '523aa4687744288e96f6c5addb661f0e') in 0.010083 seconds
  Import took 0.013435 seconds .

========================================================================
Received Import Request.
  Time since last request: 0.000267 seconds.
  path: Assets/Prefabs/Level Parts/StartLevel.prefab
  artifactKey: Guid(db368e559015cef4a8221d593c426a89) Importer(815301076,1909f56bfc062723c751e8b465ee728b)
Start importing Assets/Prefabs/Level Parts/StartLevel.prefab using Guid(db368e559015cef4a8221d593c426a89) Importer(815301076,1909f56bfc062723c751e8b465ee728b)  -> (artifact id: '816868be16ff505d3df9eab7a7b9d347') in 0.022586 seconds
  Import took 0.025610 seconds .

========================================================================
Received Import Request.
  Time since last request: 0.000169 seconds.
  path: Assets/Prefabs/Level Parts/Level_2.prefab
  artifactKey: Guid(c49127f23647a8a4db2a84b4b17edcb1) Importer(815301076,1909f56bfc062723c751e8b465ee728b)
Start importing Assets/Prefabs/Level Parts/Level_2.prefab using Guid(c49127f23647a8a4db2a84b4b17edcb1) Importer(815301076,1909f56bfc062723c751e8b465ee728b)  -> (artifact id: '2b603a5fe7701383138b6f193763488a') in 0.016678 seconds
  Import took 0.020177 seconds .

========================================================================
Received Prepare
Registering precompiled user dll's ...
Registered in 0.001145 seconds.
Begin MonoManager ReloadAssembly
Native extension for WindowsStandalone target not found
Refreshing native plugins compatible for Editor in 0.30 ms, found 0 plugins.
Preloading 0 native plugins for Editor in 0.00 ms.
Invoked RoslynAnalysisRunner static constructor.
RoslynAnalysisRunner will not be running.
RoslynAnalysisRunner has terminated.
Mono: successfully reloaded assembly
- Completed reload, in  0.706 seconds
Platform modules already initialized, skipping
Shader 'Universal Render Pipeline/Particles/Lit': fallback shader 'Universal Render Pipeline/Particles/SimpleLit' not found
Shader 'Universal Render Pipeline/Particles/Lit': fallback shader 'Universal Render Pipeline/Particles/SimpleLit' not found
Refreshing native plugins compatible for Editor in 0.34 ms, found 0 plugins.
Preloading 0 native plugins for Editor in 0.00 ms.
Unloading 2340 Unused Serialized files (Serialized files now loaded: 0)
System memory in use before: 120.8 MB.
System memory in use after: 118.8 MB.

Unloading 35 unused Assets to reduce memory usage. Loaded Objects now: 3016.
Total: 2.832300 ms (FindLiveObjects: 0.325900 ms CreateObjectMapping: 0.198800 ms MarkObjects: 1.314800 ms  DeleteObjects: 0.989300 ms)

========================================================================
Received Prepare
Registering precompiled user dll's ...
Registered in 0.001834 seconds.
Begin MonoManager ReloadAssembly
Native extension for WindowsStandalone target not found
Refreshing native plugins compatible for Editor in 0.36 ms, found 0 plugins.
Preloading 0 native plugins for Editor in 0.00 ms.
Invoked RoslynAnalysisRunner static constructor.
RoslynAnalysisRunner will not be running.
RoslynAnalysisRunner has terminated.
Mono: successfully reloaded assembly
- Completed reload, in  0.714 seconds
Platform modules already initialized, skipping
Shader 'Universal Render Pipeline/Particles/Lit': fallback shader 'Universal Render Pipeline/Particles/SimpleLit' not found
Shader 'Universal Render Pipeline/Particles/Lit': fallback shader 'Universal Render Pipeline/Particles/SimpleLit' not found
Refreshing native plugins compatible for Editor in 0.43 ms, found 0 plugins.
Preloading 0 native plugins for Editor in 0.00 ms.
Unloading 2340 Unused Serialized files (Serialized files now loaded: 0)
System memory in use before: 120.9 MB.
System memory in use after: 118.9 MB.

Unloading 35 unused Assets to reduce memory usage. Loaded Objects now: 3019.
Total: 3.934800 ms (FindLiveObjects: 0.281600 ms CreateObjectMapping: 0.089600 ms MarkObjects: 1.941400 ms  DeleteObjects: 1.620300 ms)

========================================================================
Received Prepare
Registering precompiled user dll's ...
Registered in 0.001461 seconds.
Begin MonoManager ReloadAssembly
Native extension for WindowsStandalone target not found
Refreshing native plugins compatible for Editor in 0.44 ms, found 0 plugins.
Preloading 0 native plugins for Editor in 0.00 ms.
Invoked RoslynAnalysisRunner static constructor.
RoslynAnalysisRunner will not be running.
RoslynAnalysisRunner has terminated.
Mono: successfully reloaded assembly
- Completed reload, in  0.700 seconds
Platform modules already initialized, skipping
Shader 'Universal Render Pipeline/Particles/Lit': fallback shader 'Universal Render Pipeline/Particles/SimpleLit' not found
Shader 'Universal Render Pipeline/Particles/Lit': fallback shader 'Universal Render Pipeline/Particles/SimpleLit' not found
Refreshing native plugins compatible for Editor in 0.32 ms, found 0 plugins.
Preloading 0 native plugins for Editor in 0.00 ms.
Unloading 2340 Unused Serialized files (Serialized files now loaded: 0)
System memory in use before: 120.9 MB.
System memory in use after: 118.9 MB.

Unloading 35 unused Assets to reduce memory usage. Loaded Objects now: 3022.
Total: 2.799900 ms (FindLiveObjects: 0.203200 ms CreateObjectMapping: 0.061600 ms MarkObjects: 1.384700 ms  DeleteObjects: 1.149500 ms)

========================================================================
Received Import Request.
  Time since last request: 332.392847 seconds.
  path: Assets/Scripts/LevelController.cs
  artifactKey: Guid(8ba5f10a710f8f748a7c063ca5fcf6ca) Importer(815301076,1909f56bfc062723c751e8b465ee728b)
Start importing Assets/Scripts/LevelController.cs using Guid(8ba5f10a710f8f748a7c063ca5fcf6ca) Importer(815301076,1909f56bfc062723c751e8b465ee728b)  -> (artifact id: '56b680e3a4d48a560323b0b41e0c8c54') in 0.005449 seconds
  Import took 0.008624 seconds .

========================================================================
Received Prepare
Registering precompiled user dll's ...
Registered in 0.001265 seconds.
Begin MonoManager ReloadAssembly
Native extension for WindowsStandalone target not found
Refreshing native plugins compatible for Editor in 0.30 ms, found 0 plugins.
Preloading 0 native plugins for Editor in 0.00 ms.
Invoked RoslynAnalysisRunner static constructor.
RoslynAnalysisRunner will not be running.
RoslynAnalysisRunner has terminated.
Mono: successfully reloaded assembly
- Completed reload, in  0.646 seconds
Platform modules already initialized, skipping
Shader 'Universal Render Pipeline/Particles/Lit': fallback shader 'Universal Render Pipeline/Particles/SimpleLit' not found
Shader 'Universal Render Pipeline/Particles/Lit': fallback shader 'Universal Render Pipeline/Particles/SimpleLit' not found
Refreshing native plugins compatible for Editor in 0.34 ms, found 0 plugins.
Preloading 0 native plugins for Editor in 0.00 ms.
Unloading 2340 Unused Serialized files (Serialized files now loaded: 0)
System memory in use before: 120.9 MB.
System memory in use after: 118.9 MB.

Unloading 35 unused Assets to reduce memory usage. Loaded Objects now: 3025.
Total: 2.950600 ms (FindLiveObjects: 0.225800 ms CreateObjectMapping: 0.068300 ms MarkObjects: 1.515700 ms  DeleteObjects: 1.139700 ms)

========================================================================
Received Prepare
Registering precompiled user dll's ...
Registered in 0.001299 seconds.
Begin MonoManager ReloadAssembly
Native extension for WindowsStandalone target not found
Refreshing native plugins compatible for Editor in 0.32 ms, found 0 plugins.
Preloading 0 native plugins for Editor in 0.00 ms.
Invoked RoslynAnalysisRunner static constructor.
RoslynAnalysisRunner will not be running.
RoslynAnalysisRunner has terminated.
Mono: successfully reloaded assembly
- Completed reload, in  0.671 seconds
Platform modules already initialized, skipping
Shader 'Universal Render Pipeline/Particles/Lit': fallback shader 'Universal Render Pipeline/Particles/SimpleLit' not found
Shader 'Universal Render Pipeline/Particles/Lit': fallback shader 'Universal Render Pipeline/Particles/SimpleLit' not found
Refreshing native plugins compatible for Editor in 0.30 ms, found 0 plugins.
Preloading 0 native plugins for Editor in 0.00 ms.
Unloading 2340 Unused Serialized files (Serialized files now loaded: 0)
System memory in use before: 120.9 MB.
System memory in use after: 118.9 MB.

Unloading 35 unused Assets to reduce memory usage. Loaded Objects now: 3028.
Total: 2.812900 ms (FindLiveObjects: 0.192300 ms CreateObjectMapping: 0.059500 ms MarkObjects: 1.529200 ms  DeleteObjects: 1.030700 ms)

========================================================================
Received Prepare
Registering precompiled user dll's ...
Registered in 0.001171 seconds.
Begin MonoManager ReloadAssembly
Native extension for WindowsStandalone target not found
Refreshing native plugins compatible for Editor in 0.49 ms, found 0 plugins.
Preloading 0 native plugins for Editor in 0.00 ms.
Invoked RoslynAnalysisRunner static constructor.
RoslynAnalysisRunner will not be running.
RoslynAnalysisRunner has terminated.
Mono: successfully reloaded assembly
- Completed reload, in  0.638 seconds
Platform modules already initialized, skipping
Shader 'Universal Render Pipeline/Particles/Lit': fallback shader 'Universal Render Pipeline/Particles/SimpleLit' not found
Shader 'Universal Render Pipeline/Particles/Lit': fallback shader 'Universal Render Pipeline/Particles/SimpleLit' not found
Refreshing native plugins compatible for Editor in 0.30 ms, found 0 plugins.
Preloading 0 native plugins for Editor in 0.00 ms.
Unloading 2340 Unused Serialized files (Serialized files now loaded: 0)
System memory in use before: 120.8 MB.
System memory in use after: 118.8 MB.

Unloading 35 unused Assets to reduce memory usage. Loaded Objects now: 3031.
Total: 3.161900 ms (FindLiveObjects: 0.251200 ms CreateObjectMapping: 0.095600 ms MarkObjects: 1.636000 ms  DeleteObjects: 1.178400 ms)

========================================================================
Received Prepare
Registering precompiled user dll's ...
Registered in 0.001185 seconds.
Begin MonoManager ReloadAssembly
Native extension for WindowsStandalone target not found
Refreshing native plugins compatible for Editor in 0.35 ms, found 0 plugins.
Preloading 0 native plugins for Editor in 0.00 ms.
Invoked RoslynAnalysisRunner static constructor.
RoslynAnalysisRunner will not be running.
RoslynAnalysisRunner has terminated.
Mono: successfully reloaded assembly
- Completed reload, in  0.703 seconds
Platform modules already initialized, skipping
Shader 'Universal Render Pipeline/Particles/Lit': fallback shader 'Universal Render Pipeline/Particles/SimpleLit' not found
Shader 'Universal Render Pipeline/Particles/Lit': fallback shader 'Universal Render Pipeline/Particles/SimpleLit' not found
Refreshing native plugins compatible for Editor in 0.31 ms, found 0 plugins.
Preloading 0 native plugins for Editor in 0.00 ms.
Unloading 2340 Unused Serialized files (Serialized files now loaded: 0)
System memory in use before: 120.9 MB.
System memory in use after: 118.9 MB.

Unloading 35 unused Assets to reduce memory usage. Loaded Objects now: 3034.
Total: 3.032300 ms (FindLiveObjects: 0.367300 ms CreateObjectMapping: 0.091200 ms MarkObjects: 1.518600 ms  DeleteObjects: 1.054000 ms)

========================================================================
Received Prepare
Registering precompiled user dll's ...
Registered in 0.001202 seconds.
Begin MonoManager ReloadAssembly
Native extension for WindowsStandalone target not found
Refreshing native plugins compatible for Editor in 0.30 ms, found 0 plugins.
Preloading 0 native plugins for Editor in 0.00 ms.
Invoked RoslynAnalysisRunner static constructor.
RoslynAnalysisRunner will not be running.
RoslynAnalysisRunner has terminated.
Mono: successfully reloaded assembly
- Completed reload, in  0.632 seconds
Platform modules already initialized, skipping
Shader 'Universal Render Pipeline/Particles/Lit': fallback shader 'Universal Render Pipeline/Particles/SimpleLit' not found
Shader 'Universal Render Pipeline/Particles/Lit': fallback shader 'Universal Render Pipeline/Particles/SimpleLit' not found
Refreshing native plugins compatible for Editor in 0.31 ms, found 0 plugins.
Preloading 0 native plugins for Editor in 0.00 ms.
Unloading 2340 Unused Serialized files (Serialized files now loaded: 0)
System memory in use before: 121.0 MB.
System memory in use after: 118.9 MB.

Unloading 35 unused Assets to reduce memory usage. Loaded Objects now: 3037.
Total: 5.153000 ms (FindLiveObjects: 0.268000 ms CreateObjectMapping: 0.095800 ms MarkObjects: 2.555400 ms  DeleteObjects: 2.232400 ms)

========================================================================
Received Prepare
Registering precompiled user dll's ...
Registered in 0.001456 seconds.
Begin MonoManager ReloadAssembly
Native extension for WindowsStandalone target not found
Refreshing native plugins compatible for Editor in 0.34 ms, found 0 plugins.
Preloading 0 native plugins for Editor in 0.00 ms.
Invoked RoslynAnalysisRunner static constructor.
RoslynAnalysisRunner will not be running.
RoslynAnalysisRunner has terminated.
Mono: successfully reloaded assembly
- Completed reload, in  0.701 seconds
Platform modules already initialized, skipping
Shader 'Universal Render Pipeline/Particles/Lit': fallback shader 'Universal Render Pipeline/Particles/SimpleLit' not found
Shader 'Universal Render Pipeline/Particles/Lit': fallback shader 'Universal Render Pipeline/Particles/SimpleLit' not found
Refreshing native plugins compatible for Editor in 0.31 ms, found 0 plugins.
Preloading 0 native plugins for Editor in 0.00 ms.
Unloading 2340 Unused Serialized files (Serialized files now loaded: 0)
System memory in use before: 121.0 MB.
System memory in use after: 118.9 MB.

Unloading 35 unused Assets to reduce memory usage. Loaded Objects now: 3040.
Total: 4.410400 ms (FindLiveObjects: 1.066300 ms CreateObjectMapping: 0.522600 ms MarkObjects: 1.515800 ms  DeleteObjects: 1.303300 ms)

========================================================================
Received Prepare
Registering precompiled user dll's ...
Registered in 0.001937 seconds.
Begin MonoManager ReloadAssembly
Native extension for WindowsStandalone target not found
Refreshing native plugins compatible for Editor in 0.30 ms, found 0 plugins.
Preloading 0 native plugins for Editor in 0.00 ms.
Invoked RoslynAnalysisRunner static constructor.
RoslynAnalysisRunner will not be running.
RoslynAnalysisRunner has terminated.
Mono: successfully reloaded assembly
- Completed reload, in  0.724 seconds
Platform modules already initialized, skipping
Shader 'Universal Render Pipeline/Particles/Lit': fallback shader 'Universal Render Pipeline/Particles/SimpleLit' not found
Shader 'Universal Render Pipeline/Particles/Lit': fallback shader 'Universal Render Pipeline/Particles/SimpleLit' not found
Refreshing native plugins compatible for Editor in 0.33 ms, found 0 plugins.
Preloading 0 native plugins for Editor in 0.00 ms.
Unloading 2340 Unused Serialized files (Serialized files now loaded: 0)
System memory in use before: 121.0 MB.
System memory in use after: 119.0 MB.

Unloading 35 unused Assets to reduce memory usage. Loaded Objects now: 3043.
Total: 4.278900 ms (FindLiveObjects: 0.404800 ms CreateObjectMapping: 0.120700 ms MarkObjects: 2.362000 ms  DeleteObjects: 1.388300 ms)

========================================================================
Received Prepare
Registering precompiled user dll's ...
Registered in 0.001632 seconds.
Begin MonoManager ReloadAssembly
Native extension for WindowsStandalone target not found
Refreshing native plugins compatible for Editor in 0.30 ms, found 0 plugins.
Preloading 0 native plugins for Editor in 0.00 ms.
Invoked RoslynAnalysisRunner static constructor.
RoslynAnalysisRunner will not be running.
RoslynAnalysisRunner has terminated.
Mono: successfully reloaded assembly
- Completed reload, in  0.672 seconds
Platform modules already initialized, skipping
Shader 'Universal Render Pipeline/Particles/Lit': fallback shader 'Universal Render Pipeline/Particles/SimpleLit' not found
Shader 'Universal Render Pipeline/Particles/Lit': fallback shader 'Universal Render Pipeline/Particles/SimpleLit' not found
Refreshing native plugins compatible for Editor in 0.39 ms, found 0 plugins.
Preloading 0 native plugins for Editor in 0.00 ms.
Unloading 2340 Unused Serialized files (Serialized files now loaded: 0)
System memory in use before: 120.9 MB.
System memory in use after: 118.9 MB.

Unloading 35 unused Assets to reduce memory usage. Loaded Objects now: 3046.
Total: 2.906700 ms (FindLiveObjects: 0.317500 ms CreateObjectMapping: 0.075100 ms MarkObjects: 1.476900 ms  DeleteObjects: 1.035100 ms)

========================================================================
Received Prepare
Registering precompiled user dll's ...
Registered in 0.001164 seconds.
Begin MonoManager ReloadAssembly
Native extension for WindowsStandalone target not found
Refreshing native plugins compatible for Editor in 0.31 ms, found 0 plugins.
Preloading 0 native plugins for Editor in 0.00 ms.
Invoked RoslynAnalysisRunner static constructor.
RoslynAnalysisRunner will not be running.
RoslynAnalysisRunner has terminated.
Mono: successfully reloaded assembly
- Completed reload, in  0.714 seconds
Platform modules already initialized, skipping
Shader 'Universal Render Pipeline/Particles/Lit': fallback shader 'Universal Render Pipeline/Particles/SimpleLit' not found
Shader 'Universal Render Pipeline/Particles/Lit': fallback shader 'Universal Render Pipeline/Particles/SimpleLit' not found
Refreshing native plugins compatible for Editor in 0.32 ms, found 0 plugins.
Preloading 0 native plugins for Editor in 0.00 ms.
Unloading 2340 Unused Serialized files (Serialized files now loaded: 0)
System memory in use before: 121.0 MB.
System memory in use after: 119.0 MB.

Unloading 35 unused Assets to reduce memory usage. Loaded Objects now: 3049.
Total: 4.084000 ms (FindLiveObjects: 0.388200 ms CreateObjectMapping: 0.093200 ms MarkObjects: 2.103100 ms  DeleteObjects: 1.497100 ms)

========================================================================
Received Prepare
Registering precompiled user dll's ...
Registered in 0.001195 seconds.
Begin MonoManager ReloadAssembly
Native extension for WindowsStandalone target not found
Refreshing native plugins compatible for Editor in 0.30 ms, found 0 plugins.
Preloading 0 native plugins for Editor in 0.00 ms.
Invoked RoslynAnalysisRunner static constructor.
RoslynAnalysisRunner will not be running.
RoslynAnalysisRunner has terminated.
Mono: successfully reloaded assembly
- Completed reload, in  0.711 seconds
Platform modules already initialized, skipping
Shader 'Universal Render Pipeline/Particles/Lit': fallback shader 'Universal Render Pipeline/Particles/SimpleLit' not found
Shader 'Universal Render Pipeline/Particles/Lit': fallback shader 'Universal Render Pipeline/Particles/SimpleLit' not found
Refreshing native plugins compatible for Editor in 0.37 ms, found 0 plugins.
Preloading 0 native plugins for Editor in 0.00 ms.
Unloading 2340 Unused Serialized files (Serialized files now loaded: 0)
System memory in use before: 121.0 MB.
System memory in use after: 119.0 MB.

Unloading 35 unused Assets to reduce memory usage. Loaded Objects now: 3052.
Total: 2.920600 ms (FindLiveObjects: 0.331200 ms CreateObjectMapping: 0.063800 ms MarkObjects: 1.477300 ms  DeleteObjects: 1.047300 ms)

========================================================================
Received Prepare
Registering precompiled user dll's ...
Registered in 0.001211 seconds.
Begin MonoManager ReloadAssembly
Native extension for WindowsStandalone target not found
Refreshing native plugins compatible for Editor in 0.33 ms, found 0 plugins.
Preloading 0 native plugins for Editor in 0.00 ms.
Invoked RoslynAnalysisRunner static constructor.
RoslynAnalysisRunner will not be running.
RoslynAnalysisRunner has terminated.
Mono: successfully reloaded assembly
- Completed reload, in  0.675 seconds
Platform modules already initialized, skipping
Shader 'Universal Render Pipeline/Particles/Lit': fallback shader 'Universal Render Pipeline/Particles/SimpleLit' not found
Shader 'Universal Render Pipeline/Particles/Lit': fallback shader 'Universal Render Pipeline/Particles/SimpleLit' not found
Refreshing native plugins compatible for Editor in 0.43 ms, found 0 plugins.
Preloading 0 native plugins for Editor in 0.00 ms.
Unloading 2340 Unused Serialized files (Serialized files now loaded: 0)
System memory in use before: 121.0 MB.
System memory in use after: 119.0 MB.

Unloading 35 unused Assets to reduce memory usage. Loaded Objects now: 3055.
Total: 3.245600 ms (FindLiveObjects: 0.339900 ms CreateObjectMapping: 0.121200 ms MarkObjects: 1.689200 ms  DeleteObjects: 1.086300 ms)

========================================================================
Received Prepare
Registering precompiled user dll's ...
Registered in 0.001540 seconds.
Begin MonoManager ReloadAssembly
Native extension for WindowsStandalone target not found
Refreshing native plugins compatible for Editor in 0.31 ms, found 0 plugins.
Preloading 0 native plugins for Editor in 0.00 ms.
Invoked RoslynAnalysisRunner static constructor.
RoslynAnalysisRunner will not be running.
RoslynAnalysisRunner has terminated.
Mono: successfully reloaded assembly
- Completed reload, in  0.708 seconds
Platform modules already initialized, skipping
Shader 'Universal Render Pipeline/Particles/Lit': fallback shader 'Universal Render Pipeline/Particles/SimpleLit' not found
Shader 'Universal Render Pipeline/Particles/Lit': fallback shader 'Universal Render Pipeline/Particles/SimpleLit' not found
Refreshing native plugins compatible for Editor in 0.50 ms, found 0 plugins.
Preloading 0 native plugins for Editor in 0.00 ms.
Unloading 2340 Unused Serialized files (Serialized files now loaded: 0)
System memory in use before: 121.0 MB.
System memory in use after: 119.0 MB.

Unloading 35 unused Assets to reduce memory usage. Loaded Objects now: 3058.
Total: 4.877700 ms (FindLiveObjects: 0.395300 ms CreateObjectMapping: 0.143100 ms MarkObjects: 2.785700 ms  DeleteObjects: 1.551000 ms)

========================================================================
Received Prepare
Registering precompiled user dll's ...
Registered in 0.001760 seconds.
Begin MonoManager ReloadAssembly
Native extension for WindowsStandalone target not found
Refreshing native plugins compatible for Editor in 0.31 ms, found 0 plugins.
Preloading 0 native plugins for Editor in 0.00 ms.
Invoked RoslynAnalysisRunner static constructor.
RoslynAnalysisRunner will not be running.
RoslynAnalysisRunner has terminated.
Mono: successfully reloaded assembly
- Completed reload, in  0.695 seconds
Platform modules already initialized, skipping
Shader 'Universal Render Pipeline/Particles/Lit': fallback shader 'Universal Render Pipeline/Particles/SimpleLit' not found
Shader 'Universal Render Pipeline/Particles/Lit': fallback shader 'Universal Render Pipeline/Particles/SimpleLit' not found
Refreshing native plugins compatible for Editor in 0.33 ms, found 0 plugins.
Preloading 0 native plugins for Editor in 0.00 ms.
Unloading 2340 Unused Serialized files (Serialized files now loaded: 0)
System memory in use before: 120.9 MB.
System memory in use after: 118.9 MB.

Unloading 35 unused Assets to reduce memory usage. Loaded Objects now: 3061.
Total: 4.181000 ms (FindLiveObjects: 0.368400 ms CreateObjectMapping: 0.107000 ms MarkObjects: 2.064000 ms  DeleteObjects: 1.640000 ms)

========================================================================
Received Prepare
Registering precompiled user dll's ...
Registered in 0.001237 seconds.
Begin MonoManager ReloadAssembly
Native extension for WindowsStandalone target not found
Refreshing native plugins compatible for Editor in 0.32 ms, found 0 plugins.
Preloading 0 native plugins for Editor in 0.00 ms.
Invoked RoslynAnalysisRunner static constructor.
RoslynAnalysisRunner will not be running.
RoslynAnalysisRunner has terminated.
Mono: successfully reloaded assembly
- Completed reload, in  0.667 seconds
Platform modules already initialized, skipping
Shader 'Universal Render Pipeline/Particles/Lit': fallback shader 'Universal Render Pipeline/Particles/SimpleLit' not found
Shader 'Universal Render Pipeline/Particles/Lit': fallback shader 'Universal Render Pipeline/Particles/SimpleLit' not found
Refreshing native plugins compatible for Editor in 0.35 ms, found 0 plugins.
Preloading 0 native plugins for Editor in 0.00 ms.
Unloading 2340 Unused Serialized files (Serialized files now loaded: 0)
System memory in use before: 121.0 MB.
System memory in use after: 119.0 MB.

Unloading 35 unused Assets to reduce memory usage. Loaded Objects now: 3064.
Total: 2.657200 ms (FindLiveObjects: 0.188600 ms CreateObjectMapping: 0.059500 ms MarkObjects: 1.339400 ms  DeleteObjects: 1.068900 ms)

========================================================================
Received Prepare
Registering precompiled user dll's ...
Registered in 0.001315 seconds.
Begin MonoManager ReloadAssembly
Native extension for WindowsStandalone target not found
Refreshing native plugins compatible for Editor in 0.31 ms, found 0 plugins.
Preloading 0 native plugins for Editor in 0.00 ms.
Invoked RoslynAnalysisRunner static constructor.
RoslynAnalysisRunner will not be running.
RoslynAnalysisRunner has terminated.
Mono: successfully reloaded assembly
- Completed reload, in  0.702 seconds
Platform modules already initialized, skipping
Shader 'Universal Render Pipeline/Particles/Lit': fallback shader 'Universal Render Pipeline/Particles/SimpleLit' not found
Shader 'Universal Render Pipeline/Particles/Lit': fallback shader 'Universal Render Pipeline/Particles/SimpleLit' not found
Refreshing native plugins compatible for Editor in 0.32 ms, found 0 plugins.
Preloading 0 native plugins for Editor in 0.00 ms.
Unloading 2340 Unused Serialized files (Serialized files now loaded: 0)
System memory in use before: 121.0 MB.
System memory in use after: 119.0 MB.

Unloading 35 unused Assets to reduce memory usage. Loaded Objects now: 3067.
Total: 4.815900 ms (FindLiveObjects: 0.439700 ms CreateObjectMapping: 0.109800 ms MarkObjects: 1.922400 ms  DeleteObjects: 2.342100 ms)

========================================================================
Received Prepare
Registering precompiled user dll's ...
Registered in 0.001467 seconds.
Begin MonoManager ReloadAssembly
Native extension for WindowsStandalone target not found
Refreshing native plugins compatible for Editor in 0.40 ms, found 0 plugins.
Preloading 0 native plugins for Editor in 0.00 ms.
Invoked RoslynAnalysisRunner static constructor.
RoslynAnalysisRunner will not be running.
RoslynAnalysisRunner has terminated.
Mono: successfully reloaded assembly
- Completed reload, in  0.692 seconds
Platform modules already initialized, skipping
Shader 'Universal Render Pipeline/Particles/Lit': fallback shader 'Universal Render Pipeline/Particles/SimpleLit' not found
Shader 'Universal Render Pipeline/Particles/Lit': fallback shader 'Universal Render Pipeline/Particles/SimpleLit' not found
Refreshing native plugins compatible for Editor in 0.32 ms, found 0 plugins.
Preloading 0 native plugins for Editor in 0.00 ms.
Unloading 2340 Unused Serialized files (Serialized files now loaded: 0)
System memory in use before: 121.0 MB.
System memory in use after: 119.0 MB.

Unloading 35 unused Assets to reduce memory usage. Loaded Objects now: 3070.
Total: 2.956800 ms (FindLiveObjects: 0.203000 ms CreateObjectMapping: 0.060900 ms MarkObjects: 1.535400 ms  DeleteObjects: 1.156600 ms)

========================================================================
Received Prepare
Registering precompiled user dll's ...
Registered in 0.001475 seconds.
Begin MonoManager ReloadAssembly
Native extension for WindowsStandalone target not found
Refreshing native plugins compatible for Editor in 0.44 ms, found 0 plugins.
Preloading 0 native plugins for Editor in 0.00 ms.
Invoked RoslynAnalysisRunner static constructor.
RoslynAnalysisRunner will not be running.
RoslynAnalysisRunner has terminated.
Mono: successfully reloaded assembly
- Completed reload, in  0.734 seconds
Platform modules already initialized, skipping
Shader 'Universal Render Pipeline/Particles/Lit': fallback shader 'Universal Render Pipeline/Particles/SimpleLit' not found
Shader 'Universal Render Pipeline/Particles/Lit': fallback shader 'Universal Render Pipeline/Particles/SimpleLit' not found
Refreshing native plugins compatible for Editor in 0.30 ms, found 0 plugins.
Preloading 0 native plugins for Editor in 0.00 ms.
Unloading 2340 Unused Serialized files (Serialized files now loaded: 0)
System memory in use before: 121.0 MB.
System memory in use after: 119.0 MB.

Unloading 35 unused Assets to reduce memory usage. Loaded Objects now: 3073.
Total: 5.055800 ms (FindLiveObjects: 0.523500 ms CreateObjectMapping: 0.138700 ms MarkObjects: 2.531500 ms  DeleteObjects: 1.858300 ms)

========================================================================
Received Prepare
Registering precompiled user dll's ...
Registered in 0.001149 seconds.
Begin MonoManager ReloadAssembly
Native extension for WindowsStandalone target not found
Refreshing native plugins compatible for Editor in 0.31 ms, found 0 plugins.
Preloading 0 native plugins for Editor in 0.00 ms.
Invoked RoslynAnalysisRunner static constructor.
RoslynAnalysisRunner will not be running.
RoslynAnalysisRunner has terminated.
Mono: successfully reloaded assembly
- Completed reload, in  0.658 seconds
Platform modules already initialized, skipping
Shader 'Universal Render Pipeline/Particles/Lit': fallback shader 'Universal Render Pipeline/Particles/SimpleLit' not found
Shader 'Universal Render Pipeline/Particles/Lit': fallback shader 'Universal Render Pipeline/Particles/SimpleLit' not found
Refreshing native plugins compatible for Editor in 0.38 ms, found 0 plugins.
Preloading 0 native plugins for Editor in 0.00 ms.
Unloading 2340 Unused Serialized files (Serialized files now loaded: 0)
System memory in use before: 120.9 MB.
System memory in use after: 118.9 MB.

Unloading 35 unused Assets to reduce memory usage. Loaded Objects now: 3076.
Total: 3.119900 ms (FindLiveObjects: 0.215200 ms CreateObjectMapping: 0.079700 ms MarkObjects: 1.609900 ms  DeleteObjects: 1.213900 ms)

========================================================================
Received Prepare
Registering precompiled user dll's ...
Registered in 0.001194 seconds.
Begin MonoManager ReloadAssembly
Native extension for WindowsStandalone target not found
Refreshing native plugins compatible for Editor in 0.31 ms, found 0 plugins.
Preloading 0 native plugins for Editor in 0.00 ms.
Invoked RoslynAnalysisRunner static constructor.
RoslynAnalysisRunner will not be running.
RoslynAnalysisRunner has terminated.
Mono: successfully reloaded assembly
- Completed reload, in  0.712 seconds
Platform modules already initialized, skipping
Shader 'Universal Render Pipeline/Particles/Lit': fallback shader 'Universal Render Pipeline/Particles/SimpleLit' not found
Shader 'Universal Render Pipeline/Particles/Lit': fallback shader 'Universal Render Pipeline/Particles/SimpleLit' not found
Refreshing native plugins compatible for Editor in 0.34 ms, found 0 plugins.
Preloading 0 native plugins for Editor in 0.00 ms.
Unloading 2340 Unused Serialized files (Serialized files now loaded: 0)
System memory in use before: 121.0 MB.
System memory in use after: 119.0 MB.

Unloading 35 unused Assets to reduce memory usage. Loaded Objects now: 3079.
Total: 4.843600 ms (FindLiveObjects: 0.267300 ms CreateObjectMapping: 0.086800 ms MarkObjects: 2.435200 ms  DeleteObjects: 2.052500 ms)

========================================================================
Received Prepare
Registering precompiled user dll's ...
Registered in 0.001501 seconds.
Begin MonoManager ReloadAssembly
Native extension for WindowsStandalone target not found
Refreshing native plugins compatible for Editor in 0.40 ms, found 0 plugins.
Preloading 0 native plugins for Editor in 0.00 ms.
Invoked RoslynAnalysisRunner static constructor.
RoslynAnalysisRunner will not be running.
RoslynAnalysisRunner has terminated.
Mono: successfully reloaded assembly
- Completed reload, in  1.037 seconds
Platform modules already initialized, skipping
Shader 'Universal Render Pipeline/Particles/Lit': fallback shader 'Universal Render Pipeline/Particles/SimpleLit' not found
Shader 'Universal Render Pipeline/Particles/Lit': fallback shader 'Universal Render Pipeline/Particles/SimpleLit' not found
Refreshing native plugins compatible for Editor in 0.38 ms, found 0 plugins.
Preloading 0 native plugins for Editor in 0.00 ms.
Unloading 2340 Unused Serialized files (Serialized files now loaded: 0)
System memory in use before: 121.1 MB.
System memory in use after: 119.0 MB.

Unloading 35 unused Assets to reduce memory usage. Loaded Objects now: 3082.
Total: 5.287800 ms (FindLiveObjects: 0.247600 ms CreateObjectMapping: 0.071200 ms MarkObjects: 2.372600 ms  DeleteObjects: 2.595300 ms)

========================================================================
Received Prepare
Registering precompiled user dll's ...
Registered in 0.002197 seconds.
Begin MonoManager ReloadAssembly
Native extension for WindowsStandalone target not found
Refreshing native plugins compatible for Editor in 0.33 ms, found 0 plugins.
Preloading 0 native plugins for Editor in 0.00 ms.
Invoked RoslynAnalysisRunner static constructor.
RoslynAnalysisRunner will not be running.
RoslynAnalysisRunner has terminated.
Mono: successfully reloaded assembly
- Completed reload, in  0.932 seconds
Platform modules already initialized, skipping
Shader 'Universal Render Pipeline/Particles/Lit': fallback shader 'Universal Render Pipeline/Particles/SimpleLit' not found
Shader 'Universal Render Pipeline/Particles/Lit': fallback shader 'Universal Render Pipeline/Particles/SimpleLit' not found
Refreshing native plugins compatible for Editor in 0.32 ms, found 0 plugins.
Preloading 0 native plugins for Editor in 0.00 ms.
Unloading 2340 Unused Serialized files (Serialized files now loaded: 0)
System memory in use before: 121.0 MB.
System memory in use after: 119.0 MB.

Unloading 35 unused Assets to reduce memory usage. Loaded Objects now: 3085.
Total: 4.708600 ms (FindLiveObjects: 0.553000 ms CreateObjectMapping: 0.118400 ms MarkObjects: 1.591100 ms  DeleteObjects: 2.444500 ms)

========================================================================
Received Prepare
Registering precompiled user dll's ...
Registered in 0.001172 seconds.
Begin MonoManager ReloadAssembly
Native extension for WindowsStandalone target not found
Refreshing native plugins compatible for Editor in 0.31 ms, found 0 plugins.
Preloading 0 native plugins for Editor in 0.00 ms.
Invoked RoslynAnalysisRunner static constructor.
RoslynAnalysisRunner will not be running.
RoslynAnalysisRunner has terminated.
Mono: successfully reloaded assembly
- Completed reload, in  0.631 seconds
Platform modules already initialized, skipping
Shader 'Universal Render Pipeline/Particles/Lit': fallback shader 'Universal Render Pipeline/Particles/SimpleLit' not found
Shader 'Universal Render Pipeline/Particles/Lit': fallback shader 'Universal Render Pipeline/Particles/SimpleLit' not found
Refreshing native plugins compatible for Editor in 0.34 ms, found 0 plugins.
Preloading 0 native plugins for Editor in 0.00 ms.
Unloading 2340 Unused Serialized files (Serialized files now loaded: 0)
System memory in use before: 121.1 MB.
System memory in use after: 119.0 MB.

Unloading 35 unused Assets to reduce memory usage. Loaded Objects now: 3088.
Total: 2.963600 ms (FindLiveObjects: 0.428100 ms CreateObjectMapping: 0.089800 ms MarkObjects: 1.379500 ms  DeleteObjects: 1.063400 ms)

========================================================================
Received Prepare
Registering precompiled user dll's ...
Registered in 0.001166 seconds.
Begin MonoManager ReloadAssembly
Native extension for WindowsStandalone target not found
Refreshing native plugins compatible for Editor in 0.50 ms, found 0 plugins.
Preloading 0 native plugins for Editor in 0.00 ms.
Invoked RoslynAnalysisRunner static constructor.
RoslynAnalysisRunner will not be running.
RoslynAnalysisRunner has terminated.
Mono: successfully reloaded assembly
- Completed reload, in  0.807 seconds
Platform modules already initialized, skipping
Shader 'Universal Render Pipeline/Particles/Lit': fallback shader 'Universal Render Pipeline/Particles/SimpleLit' not found
Shader 'Universal Render Pipeline/Particles/Lit': fallback shader 'Universal Render Pipeline/Particles/SimpleLit' not found
Refreshing native plugins compatible for Editor in 0.49 ms, found 0 plugins.
Preloading 0 native plugins for Editor in 0.00 ms.
Unloading 2340 Unused Serialized files (Serialized files now loaded: 0)
System memory in use before: 121.0 MB.
System memory in use after: 119.0 MB.

Unloading 35 unused Assets to reduce memory usage. Loaded Objects now: 3091.
Total: 5.140000 ms (FindLiveObjects: 0.524800 ms CreateObjectMapping: 0.193000 ms MarkObjects: 2.569100 ms  DeleteObjects: 1.851400 ms)

========================================================================
Received Prepare
Registering precompiled user dll's ...
Registered in 0.001400 seconds.
Begin MonoManager ReloadAssembly
Native extension for WindowsStandalone target not found
Refreshing native plugins compatible for Editor in 0.30 ms, found 0 plugins.
Preloading 0 native plugins for Editor in 0.00 ms.
Invoked RoslynAnalysisRunner static constructor.
RoslynAnalysisRunner will not be running.
RoslynAnalysisRunner has terminated.
Mono: successfully reloaded assembly
- Completed reload, in  0.677 seconds
Platform modules already initialized, skipping
Shader 'Universal Render Pipeline/Particles/Lit': fallback shader 'Universal Render Pipeline/Particles/SimpleLit' not found
Shader 'Universal Render Pipeline/Particles/Lit': fallback shader 'Universal Render Pipeline/Particles/SimpleLit' not found
Refreshing native plugins compatible for Editor in 0.37 ms, found 0 plugins.
Preloading 0 native plugins for Editor in 0.00 ms.
Unloading 2340 Unused Serialized files (Serialized files now loaded: 0)
System memory in use before: 121.1 MB.
System memory in use after: 119.1 MB.

Unloading 35 unused Assets to reduce memory usage. Loaded Objects now: 3094.
Total: 2.870700 ms (FindLiveObjects: 0.309600 ms CreateObjectMapping: 0.084500 ms MarkObjects: 1.355500 ms  DeleteObjects: 1.119400 ms)

========================================================================
Received Prepare
Registering precompiled user dll's ...
Registered in 0.001257 seconds.
Begin MonoManager ReloadAssembly
Native extension for WindowsStandalone target not found
Refreshing native plugins compatible for Editor in 0.33 ms, found 0 plugins.
Preloading 0 native plugins for Editor in 0.00 ms.
Invoked RoslynAnalysisRunner static constructor.
RoslynAnalysisRunner will not be running.
RoslynAnalysisRunner has terminated.
Mono: successfully reloaded assembly
- Completed reload, in  0.685 seconds
Platform modules already initialized, skipping
Shader 'Universal Render Pipeline/Particles/Lit': fallback shader 'Universal Render Pipeline/Particles/SimpleLit' not found
Shader 'Universal Render Pipeline/Particles/Lit': fallback shader 'Universal Render Pipeline/Particles/SimpleLit' not found
Refreshing native plugins compatible for Editor in 0.31 ms, found 0 plugins.
Preloading 0 native plugins for Editor in 0.00 ms.
Unloading 2340 Unused Serialized files (Serialized files now loaded: 0)
System memory in use before: 121.1 MB.
System memory in use after: 119.1 MB.

Unloading 35 unused Assets to reduce memory usage. Loaded Objects now: 3097.
Total: 3.076400 ms (FindLiveObjects: 0.227200 ms CreateObjectMapping: 0.073600 ms MarkObjects: 1.534800 ms  DeleteObjects: 1.239700 ms)

AssetImportWorkerClient::OnTransportError - code=2 error=End of file
